# JRE version: OpenJDK Runtime Environment (8.0_202-b03) (build 1.8.0_202-release-1483-b03)
# Java VM: OpenJDK 64-Bit Server VM (25.202-b03 mixed mode windows-amd64 compressed oops)
Heap:
 PSYoungGen      total 470528K, used 154249K [0x00000000e0000000, 0x0000000100000000, 0x0000000100000000)
  eden space 425472K, 36% used [0x00000000e0000000,0x00000000e96a2580,0x00000000f9f80000)
  from space 45056K, 0% used [0x00000000f9f80000,0x00000000f9f80000,0x00000000fcb80000)
  to   space 53760K, 0% used [0x00000000fcb80000,0x00000000fcb80000,0x0000000100000000)
 ParOldGen       total 250880K, used 114000K [0x00000000a0000000, 0x00000000af500000, 0x00000000e0000000)
  object space 250880K, 45% used [0x00000000a0000000,0x00000000a6f54278,0x00000000af500000)
 Metaspace       used 130122K, capacity 135584K, committed 138776K, reserved 1169408K
  class space    used 16301K, capacity 17343K, committed 17960K, reserved 1048576K
GC Heap History (10 events):
Event: 2275.468 GC heap before
{Heap before GC invocations=32 (full 4):
 PSYoungGen      total 467456K, used 423005K [0x00000000e0000000, 0x00000000ffd80000, 0x0000000100000000)
  eden space 415744K, 100% used [0x00000000e0000000,0x00000000f9600000,0x00000000f9600000)
  from space 51712K, 14% used [0x00000000f9600000,0x00000000f9d17730,0x00000000fc880000)
  to   space 50688K, 0% used [0x00000000fcc00000,0x00000000fcc00000,0x00000000ffd80000)
 ParOldGen       total 194560K, used 154740K [0x00000000a0000000, 0x00000000abe00000, 0x00000000e0000000)
  object space 194560K, 79% used [0x00000000a0000000,0x00000000a971d060,0x00000000abe00000)
 Metaspace       used 131006K, capacity 137820K, committed 138008K, reserved 1169408K
  class space    used 16580K, capacity 17878K, committed 17960K, reserved 1048576K
Event: 2275.488 GC heap after
Heap after GC invocations=32 (full 4):
 PSYoungGen      total 471552K, used 6096K [0x00000000e0000000, 0x00000000ffd00000, 0x0000000100000000)
  eden space 421376K, 0% used [0x00000000e0000000,0x00000000e0000000,0x00000000f9b80000)
  from space 50176K, 12% used [0x00000000fcc00000,0x00000000fd1f4010,0x00000000ffd00000)
  to   space 49664K, 0% used [0x00000000f9b80000,0x00000000f9b80000,0x00000000fcc00000)
 ParOldGen       total 194560K, used 160454K [0x00000000a0000000, 0x00000000abe00000, 0x00000000e0000000)
  object space 194560K, 82% used [0x00000000a0000000,0x00000000a9cb1b80,0x00000000abe00000)
 Metaspace       used 131006K, capacity 137820K, committed 138008K, reserved 1169408K
  class space    used 16580K, capacity 17878K, committed 17960K, reserved 1048576K
}
Event: 2277.094 GC heap before
{Heap before GC invocations=33 (full 4):
 PSYoungGen      total 471552K, used 427472K [0x00000000e0000000, 0x00000000ffd00000, 0x0000000100000000)
  eden space 421376K, 100% used [0x00000000e0000000,0x00000000f9b80000,0x00000000f9b80000)
  from space 50176K, 12% used [0x00000000fcc00000,0x00000000fd1f4010,0x00000000ffd00000)
  to   space 49664K, 0% used [0x00000000f9b80000,0x00000000f9b80000,0x00000000fcc00000)
 ParOldGen       total 194560K, used 160454K [0x00000000a0000000, 0x00000000abe00000, 0x00000000e0000000)
  object space 194560K, 82% used [0x00000000a0000000,0x00000000a9cb1b80,0x00000000abe00000)
 Metaspace       used 131044K, capacity 137826K, committed 138008K, reserved 1169408K
  class space    used 16583K, capacity 17879K, committed 17960K, reserved 1048576K
Event: 2277.120 GC heap after
Heap after GC invocations=33 (full 4):
 PSYoungGen      total 471040K, used 14547K [0x00000000e0000000, 0x00000000ffa80000, 0x0000000100000000)
  eden space 421376K, 0% used [0x00000000e0000000,0x00000000e0000000,0x00000000f9b80000)
  from space 49664K, 29% used [0x00000000f9b80000,0x00000000fa9b4c38,0x00000000fcc00000)
  to   space 47104K, 0% used [0x00000000fcc80000,0x00000000fcc80000,0x00000000ffa80000)
 ParOldGen       total 194560K, used 165902K [0x00000000a0000000, 0x00000000abe00000, 0x00000000e0000000)
  object space 194560K, 85% used [0x00000000a0000000,0x00000000aa203bb0,0x00000000abe00000)
 Metaspace       used 131044K, capacity 137826K, committed 138008K, reserved 1169408K
  class space    used 16583K, capacity 17879K, committed 17960K, reserved 1048576K
}
Event: 2278.355 GC heap before
{Heap before GC invocations=34 (full 4):
 PSYoungGen      total 471040K, used 435923K [0x00000000e0000000, 0x00000000ffa80000, 0x0000000100000000)
  eden space 421376K, 100% used [0x00000000e0000000,0x00000000f9b80000,0x00000000f9b80000)
  from space 49664K, 29% used [0x00000000f9b80000,0x00000000fa9b4c38,0x00000000fcc00000)
  to   space 47104K, 0% used [0x00000000fcc80000,0x00000000fcc80000,0x00000000ffa80000)
 ParOldGen       total 194560K, used 165902K [0x00000000a0000000, 0x00000000abe00000, 0x00000000e0000000)
  object space 194560K, 85% used [0x00000000a0000000,0x00000000aa203bb0,0x00000000abe00000)
 Metaspace       used 131109K, capacity 137908K, committed 138008K, reserved 1169408K
  class space    used 16592K, capacity 17882K, committed 17960K, reserved 1048576K
Event: 2278.383 GC heap after
Heap after GC invocations=34 (full 4):
 PSYoungGen      total 472576K, used 7248K [0x00000000e0000000, 0x00000000ffb80000, 0x0000000100000000)
  eden space 425472K, 0% used [0x00000000e0000000,0x00000000e0000000,0x00000000f9f80000)
  from space 47104K, 15% used [0x00000000fcc80000,0x00000000fd3942e8,0x00000000ffa80000)
  to   space 46080K, 0% used [0x00000000f9f80000,0x00000000f9f80000,0x00000000fcc80000)
 ParOldGen       total 194560K, used 177506K [0x00000000a0000000, 0x00000000abe00000, 0x00000000e0000000)
  object space 194560K, 91% used [0x00000000a0000000,0x00000000aad58840,0x00000000abe00000)
 Metaspace       used 131109K, capacity 137908K, committed 138008K, reserved 1169408K
  class space    used 16592K, capacity 17882K, committed 17960K, reserved 1048576K
}
Event: 2280.356 GC heap before
{Heap before GC invocations=35 (full 4):
 PSYoungGen      total 472576K, used 432720K [0x00000000e0000000, 0x00000000ffb80000, 0x0000000100000000)
  eden space 425472K, 100% used [0x00000000e0000000,0x00000000f9f80000,0x00000000f9f80000)
  from space 47104K, 15% used [0x00000000fcc80000,0x00000000fd3942e8,0x00000000ffa80000)
  to   space 46080K, 0% used [0x00000000f9f80000,0x00000000f9f80000,0x00000000fcc80000)
 ParOldGen       total 194560K, used 177506K [0x00000000a0000000, 0x00000000abe00000, 0x00000000e0000000)
  object space 194560K, 91% used [0x00000000a0000000,0x00000000aad58840,0x00000000abe00000)
 Metaspace       used 131582K, capacity 138512K, committed 138776K, reserved 1169408K
  class space    used 16642K, capacity 17938K, committed 17960K, reserved 1048576K
Event: 2280.418 GC heap after
Heap after GC invocations=35 (full 4):
 PSYoungGen      total 470528K, used 45034K [0x00000000e0000000, 0x0000000100000000, 0x0000000100000000)
  eden space 425472K, 0% used [0x00000000e0000000,0x00000000e0000000,0x00000000f9f80000)
  from space 45056K, 99% used [0x00000000f9f80000,0x00000000fcb7aa50,0x00000000fcb80000)
  to   space 53760K, 0% used [0x00000000fcb80000,0x00000000fcb80000,0x0000000100000000)
 ParOldGen       total 194560K, used 182454K [0x00000000a0000000, 0x00000000abe00000, 0x00000000e0000000)
  object space 194560K, 93% used [0x00000000a0000000,0x00000000ab22d870,0x00000000abe00000)
 Metaspace       used 131582K, capacity 138512K, committed 138776K, reserved 1169408K
  class space    used 16642K, capacity 17938K, committed 17960K, reserved 1048576K
}
Event: 2280.418 GC heap before
{Heap before GC invocations=36 (full 5):
 PSYoungGen      total 470528K, used 45034K [0x00000000e0000000, 0x0000000100000000, 0x0000000100000000)
  eden space 425472K, 0% used [0x00000000e0000000,0x00000000e0000000,0x00000000f9f80000)
  from space 45056K, 99% used [0x00000000f9f80000,0x00000000fcb7aa50,0x00000000fcb80000)
  to   space 53760K, 0% used [0x00000000fcb80000,0x00000000fcb80000,0x0000000100000000)
 ParOldGen       total 194560K, used 182454K [0x00000000a0000000, 0x00000000abe00000, 0x00000000e0000000)
  object space 194560K, 93% used [0x00000000a0000000,0x00000000ab22d870,0x00000000abe00000)
 Metaspace       used 131582K, capacity 138512K, committed 138776K, reserved 1169408K
  class space    used 16642K, capacity 17938K, committed 17960K, reserved 1048576K
Event: 2280.925 GC heap after
Heap after GC invocations=36 (full 5):
 PSYoungGen      total 470528K, used 0K [0x00000000e0000000, 0x0000000100000000, 0x0000000100000000)
  eden space 425472K, 0% used [0x00000000e0000000,0x00000000e0000000,0x00000000f9f80000)
  from space 45056K, 0% used [0x00000000f9f80000,0x00000000f9f80000,0x00000000fcb80000)
  to   space 53760K, 0% used [0x00000000fcb80000,0x00000000fcb80000,0x0000000100000000)
 ParOldGen       total 250880K, used 114000K [0x00000000a0000000, 0x00000000af500000, 0x00000000e0000000)
  object space 250880K, 45% used [0x00000000a0000000,0x00000000a6f54278,0x00000000af500000)
 Metaspace       used 130082K, capacity 135568K, committed 138776K, reserved 1169408K
  class space    used 16299K, capacity 17343K, committed 17960K, reserved 1048576K
}

