# JRE version: OpenJDK Runtime Environment (8.0_202-b03) (build 1.8.0_202-release-1483-b03)
# Java VM: OpenJDK 64-Bit Server VM (25.202-b03 mixed mode windows-amd64 compressed oops)
Heap:
 PSYoungGen      total 115712K, used 31945K [0x00000000e0000000, 0x00000000e7f80000, 0x0000000100000000)
  eden space 102912K, 22% used [0x00000000e0000000,0x00000000e163a730,0x00000000e6480000)
  from space 12800K, 71% used [0x00000000e7180000,0x00000000e7a77cd0,0x00000000e7e00000)
  to   space 13312K, 0% used [0x00000000e6480000,0x00000000e6480000,0x00000000e7180000)
 ParOldGen       total 88064K, used 26644K [0x00000000a0000000, 0x00000000a5600000, 0x00000000e0000000)
  object space 88064K, 30% used [0x00000000a0000000,0x00000000a1a053b8,0x00000000a5600000)
 Metaspace       used 55981K, capacity 57382K, committed 57688K, reserved 1099776K
  class space    used 7615K, capacity 7970K, committed 8064K, reserved 1048576K
GC Heap History (10 events):
Event: 14.338 GC heap before
{Heap before GC invocations=12 (full 1):
 PSYoungGen      total 69120K, used 38288K [0x00000000e0000000, 0x00000000e4f80000, 0x0000000100000000)
  eden space 59392K, 49% used [0x00000000e0000000,0x00000000e1cfab90,0x00000000e3a00000)
  from space 9728K, 88% used [0x00000000e4400000,0x00000000e4c69780,0x00000000e4d80000)
  to   space 10240K, 0% used [0x00000000e3a00000,0x00000000e3a00000,0x00000000e4400000)
 ParOldGen       total 59904K, used 8399K [0x00000000a0000000, 0x00000000a3a80000, 0x00000000e0000000)
  object space 59904K, 14% used [0x00000000a0000000,0x00000000a0833e10,0x00000000a3a80000)
 Metaspace       used 34589K, capacity 35232K, committed 35416K, reserved 1079296K
  class space    used 4752K, capacity 4933K, committed 4992K, reserved 1048576K
Event: 14.363 GC heap after
Heap after GC invocations=12 (full 1):
 PSYoungGen      total 69632K, used 7413K [0x00000000e0000000, 0x00000000e6200000, 0x0000000100000000)
  eden space 59392K, 0% used [0x00000000e0000000,0x00000000e0000000,0x00000000e3a00000)
  from space 10240K, 72% used [0x00000000e3a00000,0x00000000e413d500,0x00000000e4400000)
  to   space 10240K, 0% used [0x00000000e5800000,0x00000000e5800000,0x00000000e6200000)
 ParOldGen       total 59904K, used 10795K [0x00000000a0000000, 0x00000000a3a80000, 0x00000000e0000000)
  object space 59904K, 18% used [0x00000000a0000000,0x00000000a0a8ae30,0x00000000a3a80000)
 Metaspace       used 34589K, capacity 35232K, committed 35416K, reserved 1079296K
  class space    used 4752K, capacity 4933K, committed 4992K, reserved 1048576K
}
Event: 14.363 GC heap before
{Heap before GC invocations=13 (full 2):
 PSYoungGen      total 69632K, used 7413K [0x00000000e0000000, 0x00000000e6200000, 0x0000000100000000)
  eden space 59392K, 0% used [0x00000000e0000000,0x00000000e0000000,0x00000000e3a00000)
  from space 10240K, 72% used [0x00000000e3a00000,0x00000000e413d500,0x00000000e4400000)
  to   space 10240K, 0% used [0x00000000e5800000,0x00000000e5800000,0x00000000e6200000)
 ParOldGen       total 59904K, used 10795K [0x00000000a0000000, 0x00000000a3a80000, 0x00000000e0000000)
  object space 59904K, 18% used [0x00000000a0000000,0x00000000a0a8ae30,0x00000000a3a80000)
 Metaspace       used 34589K, capacity 35232K, committed 35416K, reserved 1079296K
  class space    used 4752K, capacity 4933K, committed 4992K, reserved 1048576K
Event: 14.428 GC heap after
Heap after GC invocations=13 (full 2):
 PSYoungGen      total 69632K, used 0K [0x00000000e0000000, 0x00000000e6200000, 0x0000000100000000)
  eden space 59392K, 0% used [0x00000000e0000000,0x00000000e0000000,0x00000000e3a00000)
  from space 10240K, 0% used [0x00000000e3a00000,0x00000000e3a00000,0x00000000e4400000)
  to   space 10240K, 0% used [0x00000000e5800000,0x00000000e5800000,0x00000000e6200000)
 ParOldGen       total 88064K, used 16435K [0x00000000a0000000, 0x00000000a5600000, 0x00000000e0000000)
  object space 88064K, 18% used [0x00000000a0000000,0x00000000a100cde8,0x00000000a5600000)
 Metaspace       used 34589K, capacity 35232K, committed 35416K, reserved 1079296K
  class space    used 4752K, capacity 4933K, committed 4992K, reserved 1048576K
}
Event: 17.422 GC heap before
{Heap before GC invocations=14 (full 2):
 PSYoungGen      total 69632K, used 59333K [0x00000000e0000000, 0x00000000e6200000, 0x0000000100000000)
  eden space 59392K, 99% used [0x00000000e0000000,0x00000000e39f1678,0x00000000e3a00000)
  from space 10240K, 0% used [0x00000000e3a00000,0x00000000e3a00000,0x00000000e4400000)
  to   space 10240K, 0% used [0x00000000e5800000,0x00000000e5800000,0x00000000e6200000)
 ParOldGen       total 88064K, used 16435K [0x00000000a0000000, 0x00000000a5600000, 0x00000000e0000000)
  object space 88064K, 18% used [0x00000000a0000000,0x00000000a100cde8,0x00000000a5600000)
 Metaspace       used 42271K, capacity 43084K, committed 43352K, reserved 1087488K
  class space    used 5717K, capacity 5936K, committed 6016K, reserved 1048576K
Event: 17.443 GC heap after
Heap after GC invocations=14 (full 2):
 PSYoungGen      total 89088K, used 9374K [0x00000000e0000000, 0x00000000e6300000, 0x0000000100000000)
  eden space 78848K, 0% used [0x00000000e0000000,0x00000000e0000000,0x00000000e4d00000)
  from space 10240K, 91% used [0x00000000e5800000,0x00000000e61279c0,0x00000000e6200000)
  to   space 11264K, 0% used [0x00000000e4d00000,0x00000000e4d00000,0x00000000e5800000)
 ParOldGen       total 88064K, used 16443K [0x00000000a0000000, 0x00000000a5600000, 0x00000000e0000000)
  object space 88064K, 18% used [0x00000000a0000000,0x00000000a100ede8,0x00000000a5600000)
 Metaspace       used 42271K, capacity 43084K, committed 43352K, reserved 1087488K
  class space    used 5717K, capacity 5936K, committed 6016K, reserved 1048576K
}
Event: 20.116 GC heap before
{Heap before GC invocations=15 (full 2):
 PSYoungGen      total 89088K, used 88222K [0x00000000e0000000, 0x00000000e6300000, 0x0000000100000000)
  eden space 78848K, 100% used [0x00000000e0000000,0x00000000e4d00000,0x00000000e4d00000)
  from space 10240K, 91% used [0x00000000e5800000,0x00000000e61279c0,0x00000000e6200000)
  to   space 11264K, 0% used [0x00000000e4d00000,0x00000000e4d00000,0x00000000e5800000)
 ParOldGen       total 88064K, used 16443K [0x00000000a0000000, 0x00000000a5600000, 0x00000000e0000000)
  object space 88064K, 18% used [0x00000000a0000000,0x00000000a100ede8,0x00000000a5600000)
 Metaspace       used 48092K, capacity 49196K, committed 49368K, reserved 1091584K
  class space    used 6497K, capacity 6785K, committed 6912K, reserved 1048576K
Event: 20.132 GC heap after
Heap after GC invocations=15 (full 2):
 PSYoungGen      total 90112K, used 11239K [0x00000000e0000000, 0x00000000e7e00000, 0x0000000100000000)
  eden space 78848K, 0% used [0x00000000e0000000,0x00000000e0000000,0x00000000e4d00000)
  from space 11264K, 99% used [0x00000000e4d00000,0x00000000e57f9c40,0x00000000e5800000)
  to   space 12800K, 0% used [0x00000000e7180000,0x00000000e7180000,0x00000000e7e00000)
 ParOldGen       total 88064K, used 18102K [0x00000000a0000000, 0x00000000a5600000, 0x00000000e0000000)
  object space 88064K, 20% used [0x00000000a0000000,0x00000000a11adb10,0x00000000a5600000)
 Metaspace       used 48092K, capacity 49196K, committed 49368K, reserved 1091584K
  class space    used 6497K, capacity 6785K, committed 6912K, reserved 1048576K
}
Event: 23.035 GC heap before
{Heap before GC invocations=16 (full 2):
 PSYoungGen      total 90112K, used 90087K [0x00000000e0000000, 0x00000000e7e00000, 0x0000000100000000)
  eden space 78848K, 100% used [0x00000000e0000000,0x00000000e4d00000,0x00000000e4d00000)
  from space 11264K, 99% used [0x00000000e4d00000,0x00000000e57f9c40,0x00000000e5800000)
  to   space 12800K, 0% used [0x00000000e7180000,0x00000000e7180000,0x00000000e7e00000)
 ParOldGen       total 88064K, used 18102K [0x00000000a0000000, 0x00000000a5600000, 0x00000000e0000000)
  object space 88064K, 20% used [0x00000000a0000000,0x00000000a11adb10,0x00000000a5600000)
 Metaspace       used 54519K, capacity 55864K, committed 56152K, reserved 1097728K
  class space    used 7356K, capacity 7695K, committed 7808K, reserved 1048576K
Event: 23.066 GC heap after
Heap after GC invocations=16 (full 2):
 PSYoungGen      total 115712K, used 9183K [0x00000000e0000000, 0x00000000e7f80000, 0x0000000100000000)
  eden space 102912K, 0% used [0x00000000e0000000,0x00000000e0000000,0x00000000e6480000)
  from space 12800K, 71% used [0x00000000e7180000,0x00000000e7a77cd0,0x00000000e7e00000)
  to   space 13312K, 0% used [0x00000000e6480000,0x00000000e6480000,0x00000000e7180000)
 ParOldGen       total 88064K, used 26644K [0x00000000a0000000, 0x00000000a5600000, 0x00000000e0000000)
  object space 88064K, 30% used [0x00000000a0000000,0x00000000a1a053b8,0x00000000a5600000)
 Metaspace       used 54519K, capacity 55864K, committed 56152K, reserved 1097728K
  class space    used 7356K, capacity 7695K, committed 7808K, reserved 1048576K
}

